# JRE version: Java(TM) SE Runtime Environment (8.0_121-b13) (build 1.8.0_121-b13)
# Java VM: Java HotSpot(TM) 64-Bit Server VM (25.121-b13 mixed mode linux-amd64 compressed oops)
Heap:
 PSYoungGen      total 489472K, used 412144K [0x00000000d6c00000, 0x00000000fc380000, 0x0000000100000000)
  eden space 482816K, 84% used [0x00000000d6c00000,0x00000000ef862730,0x00000000f4380000)
  from space 6656K, 93% used [0x00000000fbd00000,0x00000000fc319c30,0x00000000fc380000)
  to   space 11264K, 0% used [0x00000000fad80000,0x00000000fad80000,0x00000000fb880000)
 ParOldGen       total 73216K, used 34035K [0x0000000084400000, 0x0000000088b80000, 0x00000000d6c00000)
  object space 73216K, 46% used [0x0000000084400000,0x000000008653cfc0,0x0000000088b80000)
 Metaspace       used 10861K, capacity 11094K, committed 11136K, reserved 1058816K
  class space    used 1061K, capacity 1131K, committed 1152K, reserved 1048576K
GC Heap History (10 events):
Event: 401.066 GC heap before
{Heap before GC invocations=270 (full 10):
 PSYoungGen      total 496640K, used 496288K [0x00000000d6c00000, 0x00000000fde80000, 0x0000000100000000)
  eden space 493056K, 100% used [0x00000000d6c00000,0x00000000f4d80000,0x00000000f4d80000)
  from space 3584K, 90% used [0x00000000fce00000,0x00000000fd128000,0x00000000fd180000)
  to   space 12288K, 0% used [0x00000000fd280000,0x00000000fd280000,0x00000000fde80000)
 ParOldGen       total 73216K, used 27891K [0x0000000084400000, 0x0000000088b80000, 0x00000000d6c00000)
  object space 73216K, 38% used [0x0000000084400000,0x0000000085f3cf70,0x0000000088b80000)
 Metaspace       used 10848K, capacity 11094K, committed 11136K, reserved 1058816K
  class space    used 1059K, capacity 1131K, committed 1152K, reserved 1048576K
Event: 401.079 GC heap after
Heap after GC invocations=270 (full 10):
 PSYoungGen      total 472576K, used 1504K [0x00000000d6c00000, 0x00000000fd400000, 0x0000000100000000)
  eden space 471040K, 0% used [0x00000000d6c00000,0x00000000d6c00000,0x00000000f3800000)
  from space 1536K, 97% used [0x00000000fd280000,0x00000000fd3f8000,0x00000000fd400000)
  to   space 11776K, 0% used [0x00000000fbd00000,0x00000000fbd00000,0x00000000fc880000)
 ParOldGen       total 73216K, used 29851K [0x0000000084400000, 0x0000000088b80000, 0x00000000d6c00000)
  object space 73216K, 40% used [0x0000000084400000,0x0000000086126f80,0x0000000088b80000)
 Metaspace       used 10848K, capacity 11094K, committed 11136K, reserved 1058816K
  class space    used 1059K, capacity 1131K, committed 1152K, reserved 1048576K
}
Event: 402.448 GC heap before
{Heap before GC invocations=271 (full 10):
 PSYoungGen      total 472576K, used 472544K [0x00000000d6c00000, 0x00000000fd400000, 0x0000000100000000)
  eden space 471040K, 100% used [0x00000000d6c00000,0x00000000f3800000,0x00000000f3800000)
  from space 1536K, 97% used [0x00000000fd280000,0x00000000fd3f8000,0x00000000fd400000)
  to   space 11776K, 0% used [0x00000000fbd00000,0x00000000fbd00000,0x00000000fc880000)
 ParOldGen       total 73216K, used 29851K [0x0000000084400000, 0x0000000088b80000, 0x00000000d6c00000)
  object space 73216K, 40% used [0x0000000084400000,0x0000000086126f80,0x0000000088b80000)
 Metaspace       used 10848K, capacity 11094K, committed 11136K, reserved 1058816K
  class space    used 1059K, capacity 1131K, committed 1152K, reserved 1048576K
Event: 402.464 GC heap after
Heap after GC invocations=271 (full 10):
 PSYoungGen      total 560640K, used 5885K [0x00000000d6c00000, 0x00000000fd300000, 0x0000000100000000)
  eden space 554496K, 0% used [0x00000000d6c00000,0x00000000d6c00000,0x00000000f8980000)
  from space 6144K, 95% used [0x00000000fbd00000,0x00000000fc2bf630,0x00000000fc300000)
  to   space 11776K, 0% used [0x00000000fc780000,0x00000000fc780000,0x00000000fd300000)
 ParOldGen       total 73216K, used 29859K [0x0000000084400000, 0x0000000088b80000, 0x00000000d6c00000)
  object space 73216K, 40% used [0x0000000084400000,0x0000000086128f80,0x0000000088b80000)
 Metaspace       used 10848K, capacity 11094K, committed 11136K, reserved 1058816K
  class space    used 1059K, capacity 1131K, committed 1152K, reserved 1048576K
}
Event: 404.110 GC heap before
{Heap before GC invocations=272 (full 10):
 PSYoungGen      total 560640K, used 560381K [0x00000000d6c00000, 0x00000000fd300000, 0x0000000100000000)
  eden space 554496K, 100% used [0x00000000d6c00000,0x00000000f8980000,0x00000000f8980000)
  from space 6144K, 95% used [0x00000000fbd00000,0x00000000fc2bf630,0x00000000fc300000)
  to   space 11776K, 0% used [0x00000000fc780000,0x00000000fc780000,0x00000000fd300000)
 ParOldGen       total 73216K, used 29859K [0x0000000084400000, 0x0000000088b80000, 0x00000000d6c00000)
  object space 73216K, 40% used [0x0000000084400000,0x0000000086128f80,0x0000000088b80000)
 Metaspace       used 10848K, capacity 11094K, committed 11136K, reserved 1058816K
  class space    used 1059K, capacity 1131K, committed 1152K, reserved 1048576K
Event: 404.122 GC heap after
Heap after GC invocations=272 (full 10):
 PSYoungGen      total 531456K, used 1728K [0x00000000d6c00000, 0x00000000fc980000, 0x0000000100000000)
  eden space 529408K, 0% used [0x00000000d6c00000,0x00000000d6c00000,0x00000000f7100000)
  from space 2048K, 84% used [0x00000000fc780000,0x00000000fc930000,0x00000000fc980000)
  to   space 11776K, 0% used [0x00000000fb280000,0x00000000fb280000,0x00000000fbe00000)
 ParOldGen       total 73216K, used 34003K [0x0000000084400000, 0x0000000088b80000, 0x00000000d6c00000)
  object space 73216K, 46% used [0x0000000084400000,0x0000000086534fb0,0x0000000088b80000)
 Metaspace       used 10848K, capacity 11094K, committed 11136K, reserved 1058816K
  class space    used 1059K, capacity 1131K, committed 1152K, reserved 1048576K
}
Event: 405.899 GC heap before
{Heap before GC invocations=273 (full 10):
 PSYoungGen      total 531456K, used 531136K [0x00000000d6c00000, 0x00000000fc980000, 0x0000000100000000)
  eden space 529408K, 100% used [0x00000000d6c00000,0x00000000f7100000,0x00000000f7100000)
  from space 2048K, 84% used [0x00000000fc780000,0x00000000fc930000,0x00000000fc980000)
  to   space 11776K, 0% used [0x00000000fb280000,0x00000000fb280000,0x00000000fbe00000)
 ParOldGen       total 73216K, used 34003K [0x0000000084400000, 0x0000000088b80000, 0x00000000d6c00000)
  object space 73216K, 46% used [0x0000000084400000,0x0000000086534fb0,0x0000000088b80000)
 Metaspace       used 10848K, capacity 11094K, committed 11136K, reserved 1058816K
  class space    used 1059K, capacity 1131K, committed 1152K, reserved 1048576K
Event: 405.905 GC heap after
Heap after GC invocations=273 (full 10):
 PSYoungGen      total 507392K, used 1600K [0x00000000d6c00000, 0x00000000fc800000, 0x0000000100000000)
  eden space 505344K, 0% used [0x00000000d6c00000,0x00000000d6c00000,0x00000000f5980000)
  from space 2048K, 78% used [0x00000000fb280000,0x00000000fb410000,0x00000000fb480000)
  to   space 11264K, 0% used [0x00000000fbd00000,0x00000000fbd00000,0x00000000fc800000)
 ParOldGen       total 73216K, used 34027K [0x0000000084400000, 0x0000000088b80000, 0x00000000d6c00000)
  object space 73216K, 46% used [0x0000000084400000,0x000000008653afc0,0x0000000088b80000)
 Metaspace       used 10848K, capacity 11094K, committed 11136K, reserved 1058816K
  class space    used 1059K, capacity 1131K, committed 1152K, reserved 1048576K
}
Event: 407.042 GC heap before
{Heap before GC invocations=274 (full 10):
 PSYoungGen      total 507392K, used 506944K [0x00000000d6c00000, 0x00000000fc800000, 0x0000000100000000)
  eden space 505344K, 100% used [0x00000000d6c00000,0x00000000f5980000,0x00000000f5980000)
  from space 2048K, 78% used [0x00000000fb280000,0x00000000fb410000,0x00000000fb480000)
  to   space 11264K, 0% used [0x00000000fbd00000,0x00000000fbd00000,0x00000000fc800000)
 ParOldGen       total 73216K, used 34027K [0x0000000084400000, 0x0000000088b80000, 0x00000000d6c00000)
  object space 73216K, 46% used [0x0000000084400000,0x000000008653afc0,0x0000000088b80000)
 Metaspace       used 10848K, capacity 11094K, committed 11136K, reserved 1058816K
  class space    used 1059K, capacity 1131K, committed 1152K, reserved 1048576K
Event: 407.052 GC heap after
Heap after GC invocations=274 (full 10):
 PSYoungGen      total 489472K, used 6247K [0x00000000d6c00000, 0x00000000fc380000, 0x0000000100000000)
  eden space 482816K, 0% used [0x00000000d6c00000,0x00000000d6c00000,0x00000000f4380000)
  from space 6656K, 93% used [0x00000000fbd00000,0x00000000fc319c30,0x00000000fc380000)
  to   space 11264K, 0% used [0x00000000fad80000,0x00000000fad80000,0x00000000fb880000)
 ParOldGen       total 73216K, used 34035K [0x0000000084400000, 0x0000000088b80000, 0x00000000d6c00000)
  object space 73216K, 46% used [0x0000000084400000,0x000000008653cfc0,0x0000000088b80000)
 Metaspace       used 10848K, capacity 11094K, committed 11136K, reserved 1058816K
  class space    used 1059K, capacity 1131K, committed 1152K, reserved 1048576K
}

