# JRE version: Java(TM) SE Runtime Environment (8.0_121-b13) (build 1.8.0_121-b13)
# Java VM: Java HotSpot(TM) 64-Bit Server VM (25.121-b13 mixed mode linux-amd64 compressed oops)
Heap:
 PSYoungGen      total 664576K, used 79922K [0x00000000d6c00000, 0x0000000100000000, 0x0000000100000000)
  eden space 653312K, 11% used [0x00000000d6c00000,0x00000000db23dae8,0x00000000fea00000)
  from space 11264K, 70% used [0x00000000fea00000,0x00000000ff1cee28,0x00000000ff500000)
  to   space 11264K, 0% used [0x00000000ff500000,0x00000000ff500000,0x0000000100000000)
 ParOldGen       total 101376K, used 31013K [0x0000000084400000, 0x000000008a700000, 0x00000000d6c00000)
  object space 101376K, 30% used [0x0000000084400000,0x0000000086249580,0x000000008a700000)
 Metaspace       used 10924K, capacity 11144K, committed 11392K, reserved 1058816K
  class space    used 1061K, capacity 1126K, committed 1152K, reserved 1048576K
GC Heap History (10 events):
Event: 3461.054 GC heap before
{Heap before GC invocations=2739 (full 58):
 PSYoungGen      total 664064K, used 659320K [0x00000000d6c00000, 0x0000000100000000, 0x0000000100000000)
  eden space 652800K, 100% used [0x00000000d6c00000,0x00000000fe980000,0x00000000fe980000)
  from space 11264K, 57% used [0x00000000ff400000,0x00000000ffa5e290,0x00000000fff00000)
  to   space 10752K, 0% used [0x00000000fe980000,0x00000000fe980000,0x00000000ff400000)
 ParOldGen       total 101376K, used 30928K [0x0000000084400000, 0x000000008a700000, 0x00000000d6c00000)
  object space 101376K, 30% used [0x0000000084400000,0x0000000086234118,0x000000008a700000)
 Metaspace       used 10911K, capacity 11144K, committed 11392K, reserved 1058816K
  class space    used 1059K, capacity 1126K, committed 1152K, reserved 1048576K
Event: 3461.071 GC heap after
Heap after GC invocations=2739 (full 58):
 PSYoungGen      total 663552K, used 9103K [0x00000000d6c00000, 0x0000000100000000, 0x0000000100000000)
  eden space 652800K, 0% used [0x00000000d6c00000,0x00000000d6c00000,0x00000000fe980000)
  from space 10752K, 84% used [0x00000000fe980000,0x00000000ff263cf8,0x00000000ff400000)
  to   space 11264K, 0% used [0x00000000ff500000,0x00000000ff500000,0x0000000100000000)
 ParOldGen       total 101376K, used 30936K [0x0000000084400000, 0x000000008a700000, 0x00000000d6c00000)
  object space 101376K, 30% used [0x0000000084400000,0x0000000086236118,0x000000008a700000)
 Metaspace       used 10911K, capacity 11144K, committed 11392K, reserved 1058816K
  class space    used 1059K, capacity 1126K, committed 1152K, reserved 1048576K
}
Event: 3461.930 GC heap before
{Heap before GC invocations=2740 (full 58):
 PSYoungGen      total 663552K, used 661903K [0x00000000d6c00000, 0x0000000100000000, 0x0000000100000000)
  eden space 652800K, 100% used [0x00000000d6c00000,0x00000000fe980000,0x00000000fe980000)
  from space 10752K, 84% used [0x00000000fe980000,0x00000000ff263cf8,0x00000000ff400000)
  to   space 11264K, 0% used [0x00000000ff500000,0x00000000ff500000,0x0000000100000000)
 ParOldGen       total 101376K, used 30936K [0x0000000084400000, 0x000000008a700000, 0x00000000d6c00000)
  object space 101376K, 30% used [0x0000000084400000,0x0000000086236118,0x000000008a700000)
 Metaspace       used 10911K, capacity 11144K, committed 11392K, reserved 1058816K
  class space    used 1059K, capacity 1126K, committed 1152K, reserved 1048576K
Event: 3461.947 GC heap after
Heap after GC invocations=2740 (full 58):
 PSYoungGen      total 664576K, used 7312K [0x00000000d6c00000, 0x0000000100000000, 0x0000000100000000)
  eden space 653312K, 0% used [0x00000000d6c00000,0x00000000d6c00000,0x00000000fea00000)
  from space 11264K, 64% used [0x00000000ff500000,0x00000000ffc243f8,0x0000000100000000)
  to   space 11264K, 0% used [0x00000000fea00000,0x00000000fea00000,0x00000000ff500000)
 ParOldGen       total 101376K, used 30952K [0x0000000084400000, 0x000000008a700000, 0x00000000d6c00000)
  object space 101376K, 30% used [0x0000000084400000,0x000000008623a118,0x000000008a700000)
 Metaspace       used 10911K, capacity 11144K, committed 11392K, reserved 1058816K
  class space    used 1059K, capacity 1126K, committed 1152K, reserved 1048576K
}
Event: 3462.674 GC heap before
{Heap before GC invocations=2741 (full 58):
 PSYoungGen      total 664576K, used 660624K [0x00000000d6c00000, 0x0000000100000000, 0x0000000100000000)
  eden space 653312K, 100% used [0x00000000d6c00000,0x00000000fea00000,0x00000000fea00000)
  from space 11264K, 64% used [0x00000000ff500000,0x00000000ffc243f8,0x0000000100000000)
  to   space 11264K, 0% used [0x00000000fea00000,0x00000000fea00000,0x00000000ff500000)
 ParOldGen       total 101376K, used 30952K [0x0000000084400000, 0x000000008a700000, 0x00000000d6c00000)
  object space 101376K, 30% used [0x0000000084400000,0x000000008623a118,0x000000008a700000)
 Metaspace       used 10911K, capacity 11144K, committed 11392K, reserved 1058816K
  class space    used 1059K, capacity 1126K, committed 1152K, reserved 1048576K
Event: 3462.691 GC heap after
Heap after GC invocations=2741 (full 58):
 PSYoungGen      total 664576K, used 8462K [0x00000000d6c00000, 0x0000000100000000, 0x0000000100000000)
  eden space 653312K, 0% used [0x00000000d6c00000,0x00000000d6c00000,0x00000000fea00000)
  from space 11264K, 75% used [0x00000000fea00000,0x00000000ff243b50,0x00000000ff500000)
  to   space 11264K, 0% used [0x00000000ff500000,0x00000000ff500000,0x0000000100000000)
 ParOldGen       total 101376K, used 30960K [0x0000000084400000, 0x000000008a700000, 0x00000000d6c00000)
  object space 101376K, 30% used [0x0000000084400000,0x000000008623c118,0x000000008a700000)
 Metaspace       used 10911K, capacity 11144K, committed 11392K, reserved 1058816K
  class space    used 1059K, capacity 1126K, committed 1152K, reserved 1048576K
}
Event: 3463.653 GC heap before
{Heap before GC invocations=2742 (full 58):
 PSYoungGen      total 664576K, used 661774K [0x00000000d6c00000, 0x0000000100000000, 0x0000000100000000)
  eden space 653312K, 100% used [0x00000000d6c00000,0x00000000fea00000,0x00000000fea00000)
  from space 11264K, 75% used [0x00000000fea00000,0x00000000ff243b50,0x00000000ff500000)
  to   space 11264K, 0% used [0x00000000ff500000,0x00000000ff500000,0x0000000100000000)
 ParOldGen       total 101376K, used 30960K [0x0000000084400000, 0x000000008a700000, 0x00000000d6c00000)
  object space 101376K, 30% used [0x0000000084400000,0x000000008623c118,0x000000008a700000)
 Metaspace       used 10911K, capacity 11144K, committed 11392K, reserved 1058816K
  class space    used 1059K, capacity 1126K, committed 1152K, reserved 1048576K
Event: 3463.669 GC heap after
Heap after GC invocations=2742 (full 58):
 PSYoungGen      total 664576K, used 7784K [0x00000000d6c00000, 0x0000000100000000, 0x0000000100000000)
  eden space 653312K, 0% used [0x00000000d6c00000,0x00000000d6c00000,0x00000000fea00000)
  from space 11264K, 69% used [0x00000000ff500000,0x00000000ffc9a2f8,0x0000000100000000)
  to   space 11264K, 0% used [0x00000000fea00000,0x00000000fea00000,0x00000000ff500000)
 ParOldGen       total 101376K, used 30968K [0x0000000084400000, 0x000000008a700000, 0x00000000d6c00000)
  object space 101376K, 30% used [0x0000000084400000,0x000000008623e118,0x000000008a700000)
 Metaspace       used 10911K, capacity 11144K, committed 11392K, reserved 1058816K
  class space    used 1059K, capacity 1126K, committed 1152K, reserved 1048576K
}
Event: 3464.634 GC heap before
{Heap before GC invocations=2743 (full 58):
 PSYoungGen      total 664576K, used 661096K [0x00000000d6c00000, 0x0000000100000000, 0x0000000100000000)
  eden space 653312K, 100% used [0x00000000d6c00000,0x00000000fea00000,0x00000000fea00000)
  from space 11264K, 69% used [0x00000000ff500000,0x00000000ffc9a2f8,0x0000000100000000)
  to   space 11264K, 0% used [0x00000000fea00000,0x00000000fea00000,0x00000000ff500000)
 ParOldGen       total 101376K, used 30968K [0x0000000084400000, 0x000000008a700000, 0x00000000d6c00000)
  object space 101376K, 30% used [0x0000000084400000,0x000000008623e118,0x000000008a700000)
 Metaspace       used 10911K, capacity 11144K, committed 11392K, reserved 1058816K
  class space    used 1059K, capacity 1126K, committed 1152K, reserved 1048576K
Event: 3464.649 GC heap after
Heap after GC invocations=2743 (full 58):
 PSYoungGen      total 664576K, used 7995K [0x00000000d6c00000, 0x0000000100000000, 0x0000000100000000)
  eden space 653312K, 0% used [0x00000000d6c00000,0x00000000d6c00000,0x00000000fea00000)
  from space 11264K, 70% used [0x00000000fea00000,0x00000000ff1cee28,0x00000000ff500000)
  to   space 11264K, 0% used [0x00000000ff500000,0x00000000ff500000,0x0000000100000000)
 ParOldGen       total 101376K, used 31013K [0x0000000084400000, 0x000000008a700000, 0x00000000d6c00000)
  object space 101376K, 30% used [0x0000000084400000,0x0000000086249580,0x000000008a700000)
 Metaspace       used 10911K, capacity 11144K, committed 11392K, reserved 1058816K
  class space    used 1059K, capacity 1126K, committed 1152K, reserved 1048576K
}

