# JRE version: Java(TM) SE Runtime Environment (8.0_121-b13) (build 1.8.0_121-b13)
# Java VM: Java HotSpot(TM) 64-Bit Server VM (25.121-b13 mixed mode linux-amd64 compressed oops)
Heap:
 PSYoungGen      total 501760K, used 158965K [0x00000000d6c00000, 0x00000000fbc00000, 0x0000000100000000)
  eden space 496640K, 31% used [0x00000000d6c00000,0x00000000e0267a10,0x00000000f5100000)
  from space 5120K, 96% used [0x00000000f8700000,0x00000000f8bd5a88,0x00000000f8c00000)
  to   space 39936K, 0% used [0x00000000f9500000,0x00000000f9500000,0x00000000fbc00000)
 ParOldGen       total 171008K, used 103129K [0x0000000084400000, 0x000000008eb00000, 0x00000000d6c00000)
  object space 171008K, 60% used [0x0000000084400000,0x000000008a8b6580,0x000000008eb00000)
 Metaspace       used 10942K, capacity 11160K, committed 11392K, reserved 1058816K
  class space    used 1061K, capacity 1126K, committed 1152K, reserved 1048576K
GC Heap History (10 events):
Event: 4229.445 GC heap before
{Heap before GC invocations=3351 (full 62):
 PSYoungGen      total 642048K, used 630287K [0x00000000d6c00000, 0x0000000100000000, 0x0000000100000000)
  eden space 609280K, 100% used [0x00000000d6c00000,0x00000000fbf00000,0x00000000fbf00000)
  from space 32768K, 64% used [0x00000000fe000000,0x00000000ff483ef8,0x0000000100000000)
  to   space 33280K, 0% used [0x00000000fbf00000,0x00000000fbf00000,0x00000000fdf80000)
 ParOldGen       total 171008K, used 92890K [0x0000000084400000, 0x000000008eb00000, 0x00000000d6c00000)
  object space 171008K, 54% used [0x0000000084400000,0x0000000089eb6958,0x000000008eb00000)
 Metaspace       used 10929K, capacity 11096K, committed 11392K, reserved 1058816K
  class space    used 1059K, capacity 1126K, committed 1152K, reserved 1048576K
Event: 4229.464 GC heap after
Heap after GC invocations=3351 (full 62):
 PSYoungGen      total 606720K, used 21842K [0x00000000d6c00000, 0x00000000fe900000, 0x0000000100000000)
  eden space 584704K, 0% used [0x00000000d6c00000,0x00000000d6c00000,0x00000000fa700000)
  from space 22016K, 99% used [0x00000000fbf00000,0x00000000fd4548c8,0x00000000fd480000)
  to   space 20992K, 0% used [0x00000000fd480000,0x00000000fd480000,0x00000000fe900000)
 ParOldGen       total 171008K, used 92906K [0x0000000084400000, 0x000000008eb00000, 0x00000000d6c00000)
  object space 171008K, 54% used [0x0000000084400000,0x0000000089eba958,0x000000008eb00000)
 Metaspace       used 10929K, capacity 11096K, committed 11392K, reserved 1058816K
  class space    used 1059K, capacity 1126K, committed 1152K, reserved 1048576K
}
Event: 4235.117 GC heap before
{Heap before GC invocations=3352 (full 62):
 PSYoungGen      total 606720K, used 606543K [0x00000000d6c00000, 0x00000000fe900000, 0x0000000100000000)
  eden space 584704K, 99% used [0x00000000d6c00000,0x00000000fa6ff558,0x00000000fa700000)
  from space 22016K, 99% used [0x00000000fbf00000,0x00000000fd4548c8,0x00000000fd480000)
  to   space 20992K, 0% used [0x00000000fd480000,0x00000000fd480000,0x00000000fe900000)
 ParOldGen       total 171008K, used 92906K [0x0000000084400000, 0x000000008eb00000, 0x00000000d6c00000)
  object space 171008K, 54% used [0x0000000084400000,0x0000000089eba958,0x000000008eb00000)
 Metaspace       used 10929K, capacity 11096K, committed 11392K, reserved 1058816K
  class space    used 1059K, capacity 1126K, committed 1152K, reserved 1048576K
Event: 4235.139 GC heap after
Heap after GC invocations=3352 (full 62):
 PSYoungGen      total 582144K, used 20990K [0x00000000d6c00000, 0x00000000fe900000, 0x0000000100000000)
  eden space 561152K, 0% used [0x00000000d6c00000,0x00000000d6c00000,0x00000000f9000000)
  from space 20992K, 99% used [0x00000000fd480000,0x00000000fe8ff9a8,0x00000000fe900000)
  to   space 37376K, 0% used [0x00000000fa000000,0x00000000fa000000,0x00000000fc480000)
 ParOldGen       total 171008K, used 103073K [0x0000000084400000, 0x000000008eb00000, 0x00000000d6c00000)
  object space 171008K, 60% used [0x0000000084400000,0x000000008a8a8580,0x000000008eb00000)
 Metaspace       used 10929K, capacity 11096K, committed 11392K, reserved 1058816K
  class space    used 1059K, capacity 1126K, committed 1152K, reserved 1048576K
}
Event: 4240.092 GC heap before
{Heap before GC invocations=3353 (full 62):
 PSYoungGen      total 582144K, used 582142K [0x00000000d6c00000, 0x00000000fe900000, 0x0000000100000000)
  eden space 561152K, 100% used [0x00000000d6c00000,0x00000000f9000000,0x00000000f9000000)
  from space 20992K, 99% used [0x00000000fd480000,0x00000000fe8ff9a8,0x00000000fe900000)
  to   space 37376K, 0% used [0x00000000fa000000,0x00000000fa000000,0x00000000fc480000)
 ParOldGen       total 171008K, used 103073K [0x0000000084400000, 0x000000008eb00000, 0x00000000d6c00000)
  object space 171008K, 60% used [0x0000000084400000,0x000000008a8a8580,0x000000008eb00000)
 Metaspace       used 10929K, capacity 11096K, committed 11392K, reserved 1058816K
  class space    used 1059K, capacity 1126K, committed 1152K, reserved 1048576K
Event: 4240.112 GC heap after
Heap after GC invocations=3353 (full 62):
 PSYoungGen      total 566784K, used 28015K [0x00000000d6c00000, 0x00000000fd500000, 0x0000000100000000)
  eden space 538624K, 0% used [0x00000000d6c00000,0x00000000d6c00000,0x00000000f7a00000)
  from space 28160K, 99% used [0x00000000fa000000,0x00000000fbb5bfd8,0x00000000fbb80000)
  to   space 26112K, 0% used [0x00000000fbb80000,0x00000000fbb80000,0x00000000fd500000)
 ParOldGen       total 171008K, used 103105K [0x0000000084400000, 0x000000008eb00000, 0x00000000d6c00000)
  object space 171008K, 60% used [0x0000000084400000,0x000000008a8b0580,0x000000008eb00000)
 Metaspace       used 10929K, capacity 11096K, committed 11392K, reserved 1058816K
  class space    used 1059K, capacity 1126K, committed 1152K, reserved 1048576K
}
Event: 4244.516 GC heap before
{Heap before GC invocations=3354 (full 62):
 PSYoungGen      total 566784K, used 566639K [0x00000000d6c00000, 0x00000000fd500000, 0x0000000100000000)
  eden space 538624K, 100% used [0x00000000d6c00000,0x00000000f7a00000,0x00000000f7a00000)
  from space 28160K, 99% used [0x00000000fa000000,0x00000000fbb5bfd8,0x00000000fbb80000)
  to   space 26112K, 0% used [0x00000000fbb80000,0x00000000fbb80000,0x00000000fd500000)
 ParOldGen       total 171008K, used 103105K [0x0000000084400000, 0x000000008eb00000, 0x00000000d6c00000)
  object space 171008K, 60% used [0x0000000084400000,0x000000008a8b0580,0x000000008eb00000)
 Metaspace       used 10929K, capacity 11096K, committed 11392K, reserved 1058816K
  class space    used 1059K, capacity 1126K, committed 1152K, reserved 1048576K
Event: 4244.534 GC heap after
Heap after GC invocations=3354 (full 62):
 PSYoungGen      total 542208K, used 24752K [0x00000000d6c00000, 0x00000000fd400000, 0x0000000100000000)
  eden space 517120K, 0% used [0x00000000d6c00000,0x00000000d6c00000,0x00000000f6500000)
  from space 25088K, 98% used [0x00000000fbb80000,0x00000000fd3ac160,0x00000000fd400000)
  to   space 39424K, 0% used [0x00000000f8700000,0x00000000f8700000,0x00000000fad80000)
 ParOldGen       total 171008K, used 103113K [0x0000000084400000, 0x000000008eb00000, 0x00000000d6c00000)
  object space 171008K, 60% used [0x0000000084400000,0x000000008a8b2580,0x000000008eb00000)
 Metaspace       used 10929K, capacity 11096K, committed 11392K, reserved 1058816K
  class space    used 1059K, capacity 1126K, committed 1152K, reserved 1048576K
}
Event: 4245.922 GC heap before
{Heap before GC invocations=3355 (full 62):
 PSYoungGen      total 542208K, used 541872K [0x00000000d6c00000, 0x00000000fd400000, 0x0000000100000000)
  eden space 517120K, 100% used [0x00000000d6c00000,0x00000000f6500000,0x00000000f6500000)
  from space 25088K, 98% used [0x00000000fbb80000,0x00000000fd3ac160,0x00000000fd400000)
  to   space 39424K, 0% used [0x00000000f8700000,0x00000000f8700000,0x00000000fad80000)
 ParOldGen       total 171008K, used 103113K [0x0000000084400000, 0x000000008eb00000, 0x00000000d6c00000)
  object space 171008K, 60% used [0x0000000084400000,0x000000008a8b2580,0x000000008eb00000)
 Metaspace       used 10929K, capacity 11096K, committed 11392K, reserved 1058816K
  class space    used 1059K, capacity 1126K, committed 1152K, reserved 1048576K
Event: 4245.928 GC heap after
Heap after GC invocations=3355 (full 62):
 PSYoungGen      total 501760K, used 4950K [0x00000000d6c00000, 0x00000000fbc00000, 0x0000000100000000)
  eden space 496640K, 0% used [0x00000000d6c00000,0x00000000d6c00000,0x00000000f5100000)
  from space 5120K, 96% used [0x00000000f8700000,0x00000000f8bd5a88,0x00000000f8c00000)
  to   space 39936K, 0% used [0x00000000f9500000,0x00000000f9500000,0x00000000fbc00000)
 ParOldGen       total 171008K, used 103129K [0x0000000084400000, 0x000000008eb00000, 0x00000000d6c00000)
  object space 171008K, 60% used [0x0000000084400000,0x000000008a8b6580,0x000000008eb00000)
 Metaspace       used 10929K, capacity 11096K, committed 11392K, reserved 1058816K
  class space    used 1059K, capacity 1126K, committed 1152K, reserved 1048576K
}

