# JRE version: Java(TM) SE Runtime Environment (8.0_121-b13) (build 1.8.0_121-b13)
# Java VM: Java HotSpot(TM) 64-Bit Server VM (25.121-b13 mixed mode linux-amd64 compressed oops)
Heap:
 PSYoungGen      total 165888K, used 23255K [0x00000000d6c00000, 0x00000000e2f00000, 0x0000000100000000)
  eden space 161792K, 14% used [0x00000000d6c00000,0x00000000d8225cd0,0x00000000e0a00000)
  from space 4096K, 14% used [0x00000000e0a00000,0x00000000e0a90000,0x00000000e0e00000)
  to   space 4096K, 0% used [0x00000000e2b00000,0x00000000e2b00000,0x00000000e2f00000)
 ParOldGen       total 55808K, used 44898K [0x0000000084400000, 0x0000000087a80000, 0x00000000d6c00000)
  object space 55808K, 80% used [0x0000000084400000,0x0000000086fd8af0,0x0000000087a80000)
 Metaspace       used 10946K, capacity 11162K, committed 11392K, reserved 1058816K
  class space    used 1062K, capacity 1131K, committed 1152K, reserved 1048576K
GC Heap History (10 events):
Event: 382.372 GC heap before
{Heap before GC invocations=619 (full 14):
 PSYoungGen      total 115712K, used 115520K [0x00000000d6c00000, 0x00000000df880000, 0x0000000100000000)
  eden space 114176K, 100% used [0x00000000d6c00000,0x00000000ddb80000,0x00000000ddb80000)
  from space 1536K, 87% used [0x00000000df700000,0x00000000df850000,0x00000000df880000)
  to   space 5120K, 0% used [0x00000000dee80000,0x00000000dee80000,0x00000000df380000)
 ParOldGen       total 55808K, used 43626K [0x0000000084400000, 0x0000000087a80000, 0x00000000d6c00000)
  object space 55808K, 78% used [0x0000000084400000,0x0000000086e9aae0,0x0000000087a80000)
 Metaspace       used 10933K, capacity 11162K, committed 11392K, reserved 1058816K
  class space    used 1060K, capacity 1131K, committed 1152K, reserved 1048576K
Event: 382.374 GC heap after
Heap after GC invocations=619 (full 14):
 PSYoungGen      total 138752K, used 480K [0x00000000d6c00000, 0x00000000dfa00000, 0x0000000100000000)
  eden space 133632K, 0% used [0x00000000d6c00000,0x00000000d6c00000,0x00000000dee80000)
  from space 5120K, 9% used [0x00000000dee80000,0x00000000deef8000,0x00000000df380000)
  to   space 4608K, 0% used [0x00000000df580000,0x00000000df580000,0x00000000dfa00000)
 ParOldGen       total 55808K, used 44834K [0x0000000084400000, 0x0000000087a80000, 0x00000000d6c00000)
  object space 55808K, 80% used [0x0000000084400000,0x0000000086fc8ae0,0x0000000087a80000)
 Metaspace       used 10933K, capacity 11162K, committed 11392K, reserved 1058816K
  class space    used 1060K, capacity 1131K, committed 1152K, reserved 1048576K
}
Event: 382.646 GC heap before
{Heap before GC invocations=620 (full 14):
 PSYoungGen      total 138752K, used 134112K [0x00000000d6c00000, 0x00000000dfa00000, 0x0000000100000000)
  eden space 133632K, 100% used [0x00000000d6c00000,0x00000000dee80000,0x00000000dee80000)
  from space 5120K, 9% used [0x00000000dee80000,0x00000000deef8000,0x00000000df380000)
  to   space 4608K, 0% used [0x00000000df580000,0x00000000df580000,0x00000000dfa00000)
 ParOldGen       total 55808K, used 44834K [0x0000000084400000, 0x0000000087a80000, 0x00000000d6c00000)
  object space 55808K, 80% used [0x0000000084400000,0x0000000086fc8ae0,0x0000000087a80000)
 Metaspace       used 10933K, capacity 11162K, committed 11392K, reserved 1058816K
  class space    used 1060K, capacity 1131K, committed 1152K, reserved 1048576K
Event: 382.647 GC heap after
Heap after GC invocations=620 (full 14):
 PSYoungGen      total 140800K, used 544K [0x00000000d6c00000, 0x00000000e1080000, 0x0000000100000000)
  eden space 136192K, 0% used [0x00000000d6c00000,0x00000000d6c00000,0x00000000df100000)
  from space 4608K, 11% used [0x00000000df580000,0x00000000df608000,0x00000000dfa00000)
  to   space 4608K, 0% used [0x00000000df100000,0x00000000df100000,0x00000000df580000)
 ParOldGen       total 55808K, used 44850K [0x0000000084400000, 0x0000000087a80000, 0x00000000d6c00000)
  object space 55808K, 80% used [0x0000000084400000,0x0000000086fccae0,0x0000000087a80000)
 Metaspace       used 10933K, capacity 11162K, committed 11392K, reserved 1058816K
  class space    used 1060K, capacity 1131K, committed 1152K, reserved 1048576K
}
Event: 382.925 GC heap before
{Heap before GC invocations=621 (full 14):
 PSYoungGen      total 140800K, used 136736K [0x00000000d6c00000, 0x00000000e1080000, 0x0000000100000000)
  eden space 136192K, 100% used [0x00000000d6c00000,0x00000000df100000,0x00000000df100000)
  from space 4608K, 11% used [0x00000000df580000,0x00000000df608000,0x00000000dfa00000)
  to   space 4608K, 0% used [0x00000000df100000,0x00000000df100000,0x00000000df580000)
 ParOldGen       total 55808K, used 44850K [0x0000000084400000, 0x0000000087a80000, 0x00000000d6c00000)
  object space 55808K, 80% used [0x0000000084400000,0x0000000086fccae0,0x0000000087a80000)
 Metaspace       used 10933K, capacity 11162K, committed 11392K, reserved 1058816K
  class space    used 1060K, capacity 1131K, committed 1152K, reserved 1048576K
Event: 382.926 GC heap after
Heap after GC invocations=621 (full 14):
 PSYoungGen      total 140800K, used 512K [0x00000000d6c00000, 0x00000000e1300000, 0x0000000100000000)
  eden space 136192K, 0% used [0x00000000d6c00000,0x00000000d6c00000,0x00000000df100000)
  from space 4608K, 11% used [0x00000000df100000,0x00000000df180000,0x00000000df580000)
  to   space 4608K, 0% used [0x00000000e0e80000,0x00000000e0e80000,0x00000000e1300000)
 ParOldGen       total 55808K, used 44874K [0x0000000084400000, 0x0000000087a80000, 0x00000000d6c00000)
  object space 55808K, 80% used [0x0000000084400000,0x0000000086fd2af0,0x0000000087a80000)
 Metaspace       used 10933K, capacity 11162K, committed 11392K, reserved 1058816K
  class space    used 1060K, capacity 1131K, committed 1152K, reserved 1048576K
}
Event: 383.199 GC heap before
{Heap before GC invocations=622 (full 14):
 PSYoungGen      total 140800K, used 136704K [0x00000000d6c00000, 0x00000000e1300000, 0x0000000100000000)
  eden space 136192K, 100% used [0x00000000d6c00000,0x00000000df100000,0x00000000df100000)
  from space 4608K, 11% used [0x00000000df100000,0x00000000df180000,0x00000000df580000)
  to   space 4608K, 0% used [0x00000000e0e80000,0x00000000e0e80000,0x00000000e1300000)
 ParOldGen       total 55808K, used 44874K [0x0000000084400000, 0x0000000087a80000, 0x00000000d6c00000)
  object space 55808K, 80% used [0x0000000084400000,0x0000000086fd2af0,0x0000000087a80000)
 Metaspace       used 10933K, capacity 11162K, committed 11392K, reserved 1058816K
  class space    used 1060K, capacity 1131K, committed 1152K, reserved 1048576K
Event: 383.201 GC heap after
Heap after GC invocations=622 (full 14):
 PSYoungGen      total 165376K, used 512K [0x00000000d6c00000, 0x00000000e1200000, 0x0000000100000000)
  eden space 161792K, 0% used [0x00000000d6c00000,0x00000000d6c00000,0x00000000e0a00000)
  from space 3584K, 14% used [0x00000000e0e80000,0x00000000e0f00000,0x00000000e1200000)
  to   space 4096K, 0% used [0x00000000e0a00000,0x00000000e0a00000,0x00000000e0e00000)
 ParOldGen       total 55808K, used 44882K [0x0000000084400000, 0x0000000087a80000, 0x00000000d6c00000)
  object space 55808K, 80% used [0x0000000084400000,0x0000000086fd4af0,0x0000000087a80000)
 Metaspace       used 10933K, capacity 11162K, committed 11392K, reserved 1058816K
  class space    used 1060K, capacity 1131K, committed 1152K, reserved 1048576K
}
Event: 383.534 GC heap before
{Heap before GC invocations=623 (full 14):
 PSYoungGen      total 165376K, used 162304K [0x00000000d6c00000, 0x00000000e1200000, 0x0000000100000000)
  eden space 161792K, 100% used [0x00000000d6c00000,0x00000000e0a00000,0x00000000e0a00000)
  from space 3584K, 14% used [0x00000000e0e80000,0x00000000e0f00000,0x00000000e1200000)
  to   space 4096K, 0% used [0x00000000e0a00000,0x00000000e0a00000,0x00000000e0e00000)
 ParOldGen       total 55808K, used 44882K [0x0000000084400000, 0x0000000087a80000, 0x00000000d6c00000)
  object space 55808K, 80% used [0x0000000084400000,0x0000000086fd4af0,0x0000000087a80000)
 Metaspace       used 10933K, capacity 11162K, committed 11392K, reserved 1058816K
  class space    used 1060K, capacity 1131K, committed 1152K, reserved 1048576K
Event: 383.537 GC heap after
Heap after GC invocations=623 (full 14):
 PSYoungGen      total 165888K, used 576K [0x00000000d6c00000, 0x00000000e2f00000, 0x0000000100000000)
  eden space 161792K, 0% used [0x00000000d6c00000,0x00000000d6c00000,0x00000000e0a00000)
  from space 4096K, 14% used [0x00000000e0a00000,0x00000000e0a90000,0x00000000e0e00000)
  to   space 4096K, 0% used [0x00000000e2b00000,0x00000000e2b00000,0x00000000e2f00000)
 ParOldGen       total 55808K, used 44898K [0x0000000084400000, 0x0000000087a80000, 0x00000000d6c00000)
  object space 55808K, 80% used [0x0000000084400000,0x0000000086fd8af0,0x0000000087a80000)
 Metaspace       used 10933K, capacity 11162K, committed 11392K, reserved 1058816K
  class space    used 1060K, capacity 1131K, committed 1152K, reserved 1048576K
}

