# JRE version: Java(TM) SE Runtime Environment (8.0_121-b13) (build 1.8.0_121-b13)
# Java VM: Java HotSpot(TM) 64-Bit Server VM (25.121-b13 mixed mode linux-amd64 compressed oops)
Heap:
 PSYoungGen      total 647680K, used 247766K [0x00000000d6c00000, 0x0000000100000000, 0x0000000100000000)
  eden space 625664K, 36% used [0x00000000d6c00000,0x00000000e4879628,0x00000000fcf00000)
  from space 22016K, 99% used [0x00000000fea00000,0x00000000fff7c250,0x00000000fff80000)
  to   space 25088K, 0% used [0x00000000fcf00000,0x00000000fcf00000,0x00000000fe780000)
 ParOldGen       total 97792K, used 47479K [0x0000000084400000, 0x000000008a380000, 0x00000000d6c00000)
  object space 97792K, 48% used [0x0000000084400000,0x000000008725de38,0x000000008a380000)
 Metaspace       used 10338K, capacity 10524K, committed 10880K, reserved 1058816K
  class space    used 1000K, capacity 1066K, committed 1152K, reserved 1048576K
GC Heap History (10 events):
Event: 1879.381 GC heap before
{Heap before GC invocations=1976 (full 42):
 PSYoungGen      total 647680K, used 637363K [0x00000000d6c00000, 0x0000000100000000, 0x0000000100000000)
  eden space 622592K, 100% used [0x00000000d6c00000,0x00000000fcc00000,0x00000000fcc00000)
  from space 25088K, 58% used [0x00000000fcc00000,0x00000000fda6ce38,0x00000000fe480000)
  to   space 24576K, 0% used [0x00000000fe800000,0x00000000fe800000,0x0000000100000000)
 ParOldGen       total 97792K, used 46691K [0x0000000084400000, 0x000000008a380000, 0x00000000d6c00000)
  object space 97792K, 47% used [0x0000000084400000,0x0000000087198d50,0x000000008a380000)
 Metaspace       used 10332K, capacity 10524K, committed 10880K, reserved 1058816K
  class space    used 999K, capacity 1066K, committed 1152K, reserved 1048576K
Event: 1879.391 GC heap after
Heap after GC invocations=1976 (full 42):
 PSYoungGen      total 649216K, used 14715K [0x00000000d6c00000, 0x00000000ffe80000, 0x0000000100000000)
  eden space 626176K, 0% used [0x00000000d6c00000,0x00000000d6c00000,0x00000000fcf80000)
  from space 23040K, 63% used [0x00000000fe800000,0x00000000ff65ee98,0x00000000ffe80000)
  to   space 24064K, 0% used [0x00000000fcf80000,0x00000000fcf80000,0x00000000fe700000)
 ParOldGen       total 97792K, used 46707K [0x0000000084400000, 0x000000008a380000, 0x00000000d6c00000)
  object space 97792K, 47% used [0x0000000084400000,0x000000008719cd50,0x000000008a380000)
 Metaspace       used 10332K, capacity 10524K, committed 10880K, reserved 1058816K
  class space    used 999K, capacity 1066K, committed 1152K, reserved 1048576K
}
Event: 1880.245 GC heap before
{Heap before GC invocations=1977 (full 42):
 PSYoungGen      total 649216K, used 640891K [0x00000000d6c00000, 0x00000000ffe80000, 0x0000000100000000)
  eden space 626176K, 100% used [0x00000000d6c00000,0x00000000fcf80000,0x00000000fcf80000)
  from space 23040K, 63% used [0x00000000fe800000,0x00000000ff65ee98,0x00000000ffe80000)
  to   space 24064K, 0% used [0x00000000fcf80000,0x00000000fcf80000,0x00000000fe700000)
 ParOldGen       total 97792K, used 46707K [0x0000000084400000, 0x000000008a380000, 0x00000000d6c00000)
  object space 97792K, 47% used [0x0000000084400000,0x000000008719cd50,0x000000008a380000)
 Metaspace       used 10332K, capacity 10524K, committed 10880K, reserved 1058816K
  class space    used 999K, capacity 1066K, committed 1152K, reserved 1048576K
Event: 1880.255 GC heap after
Heap after GC invocations=1977 (full 42):
 PSYoungGen      total 650240K, used 13269K [0x00000000d6c00000, 0x00000000fff00000, 0x0000000100000000)
  eden space 626176K, 0% used [0x00000000d6c00000,0x00000000d6c00000,0x00000000fcf80000)
  from space 24064K, 55% used [0x00000000fcf80000,0x00000000fdc75640,0x00000000fe700000)
  to   space 23040K, 0% used [0x00000000fe880000,0x00000000fe880000,0x00000000fff00000)
 ParOldGen       total 97792K, used 46723K [0x0000000084400000, 0x000000008a380000, 0x00000000d6c00000)
  object space 97792K, 47% used [0x0000000084400000,0x00000000871a0d50,0x000000008a380000)
 Metaspace       used 10332K, capacity 10524K, committed 10880K, reserved 1058816K
  class space    used 999K, capacity 1066K, committed 1152K, reserved 1048576K
}
Event: 1880.995 GC heap before
{Heap before GC invocations=1978 (full 42):
 PSYoungGen      total 650240K, used 639445K [0x00000000d6c00000, 0x00000000fff00000, 0x0000000100000000)
  eden space 626176K, 100% used [0x00000000d6c00000,0x00000000fcf80000,0x00000000fcf80000)
  from space 24064K, 55% used [0x00000000fcf80000,0x00000000fdc75640,0x00000000fe700000)
  to   space 23040K, 0% used [0x00000000fe880000,0x00000000fe880000,0x00000000fff00000)
 ParOldGen       total 97792K, used 46723K [0x0000000084400000, 0x000000008a380000, 0x00000000d6c00000)
  object space 97792K, 47% used [0x0000000084400000,0x00000000871a0d50,0x000000008a380000)
 Metaspace       used 10332K, capacity 10524K, committed 10880K, reserved 1058816K
  class space    used 999K, capacity 1066K, committed 1152K, reserved 1048576K
Event: 1881.006 GC heap after
Heap after GC invocations=1978 (full 42):
 PSYoungGen      total 650752K, used 11714K [0x00000000d6c00000, 0x00000000ffe00000, 0x0000000100000000)
  eden space 628736K, 0% used [0x00000000d6c00000,0x00000000d6c00000,0x00000000fd200000)
  from space 22016K, 53% used [0x00000000fe880000,0x00000000ff3f0a40,0x00000000ffe00000)
  to   space 22528K, 0% used [0x00000000fd200000,0x00000000fd200000,0x00000000fe800000)
 ParOldGen       total 97792K, used 46739K [0x0000000084400000, 0x000000008a380000, 0x00000000d6c00000)
  object space 97792K, 47% used [0x0000000084400000,0x00000000871a4d50,0x000000008a380000)
 Metaspace       used 10332K, capacity 10524K, committed 10880K, reserved 1058816K
  class space    used 999K, capacity 1066K, committed 1152K, reserved 1048576K
}
Event: 1881.763 GC heap before
{Heap before GC invocations=1979 (full 42):
 PSYoungGen      total 650752K, used 640450K [0x00000000d6c00000, 0x00000000ffe00000, 0x0000000100000000)
  eden space 628736K, 100% used [0x00000000d6c00000,0x00000000fd200000,0x00000000fd200000)
  from space 22016K, 53% used [0x00000000fe880000,0x00000000ff3f0a40,0x00000000ffe00000)
  to   space 22528K, 0% used [0x00000000fd200000,0x00000000fd200000,0x00000000fe800000)
 ParOldGen       total 97792K, used 46739K [0x0000000084400000, 0x000000008a380000, 0x00000000d6c00000)
  object space 97792K, 47% used [0x0000000084400000,0x00000000871a4d50,0x000000008a380000)
 Metaspace       used 10332K, capacity 10524K, committed 10880K, reserved 1058816K
  class space    used 999K, capacity 1066K, committed 1152K, reserved 1048576K
Event: 1881.775 GC heap after
Heap after GC invocations=1979 (full 42):
 PSYoungGen      total 651264K, used 14611K [0x00000000d6c00000, 0x00000000fff80000, 0x0000000100000000)
  eden space 628736K, 0% used [0x00000000d6c00000,0x00000000d6c00000,0x00000000fd200000)
  from space 22528K, 64% used [0x00000000fd200000,0x00000000fe044e38,0x00000000fe800000)
  to   space 22016K, 0% used [0x00000000fea00000,0x00000000fea00000,0x00000000fff80000)
 ParOldGen       total 97792K, used 46755K [0x0000000084400000, 0x000000008a380000, 0x00000000d6c00000)
  object space 97792K, 47% used [0x0000000084400000,0x00000000871a8d50,0x000000008a380000)
 Metaspace       used 10332K, capacity 10524K, committed 10880K, reserved 1058816K
  class space    used 999K, capacity 1066K, committed 1152K, reserved 1048576K
}
Event: 1882.737 GC heap before
{Heap before GC invocations=1980 (full 42):
 PSYoungGen      total 651264K, used 643347K [0x00000000d6c00000, 0x00000000fff80000, 0x0000000100000000)
  eden space 628736K, 100% used [0x00000000d6c00000,0x00000000fd200000,0x00000000fd200000)
  from space 22528K, 64% used [0x00000000fd200000,0x00000000fe044e38,0x00000000fe800000)
  to   space 22016K, 0% used [0x00000000fea00000,0x00000000fea00000,0x00000000fff80000)
 ParOldGen       total 97792K, used 46755K [0x0000000084400000, 0x000000008a380000, 0x00000000d6c00000)
  object space 97792K, 47% used [0x0000000084400000,0x00000000871a8d50,0x000000008a380000)
 Metaspace       used 10332K, capacity 10524K, committed 10880K, reserved 1058816K
  class space    used 999K, capacity 1066K, committed 1152K, reserved 1048576K
Event: 1882.755 GC heap after
Heap after GC invocations=1980 (full 42):
 PSYoungGen      total 647680K, used 22000K [0x00000000d6c00000, 0x0000000100000000, 0x0000000100000000)
  eden space 625664K, 0% used [0x00000000d6c00000,0x00000000d6c00000,0x00000000fcf00000)
  from space 22016K, 99% used [0x00000000fea00000,0x00000000fff7c250,0x00000000fff80000)
  to   space 25088K, 0% used [0x00000000fcf00000,0x00000000fcf00000,0x00000000fe780000)
 ParOldGen       total 97792K, used 47479K [0x0000000084400000, 0x000000008a380000, 0x00000000d6c00000)
  object space 97792K, 48% used [0x0000000084400000,0x000000008725de38,0x000000008a380000)
 Metaspace       used 10332K, capacity 10524K, committed 10880K, reserved 1058816K
  class space    used 999K, capacity 1066K, committed 1152K, reserved 1048576K
}

