# JRE version: Java(TM) SE Runtime Environment (8.0_121-b13) (build 1.8.0_121-b13)
# Java VM: Java HotSpot(TM) 64-Bit Server VM (25.121-b13 mixed mode linux-amd64 compressed oops)
Heap:
 PSYoungGen      total 652288K, used 336656K [0x00000000d6c00000, 0x0000000100000000, 0x0000000100000000)
  eden space 631296K, 50% used [0x00000000d6c00000,0x00000000ea045dc0,0x00000000fd480000)
  from space 20992K, 99% used [0x00000000fd480000,0x00000000fe8fe360,0x00000000fe900000)
  to   space 23552K, 0% used [0x00000000fe900000,0x00000000fe900000,0x0000000100000000)
 ParOldGen       total 86016K, used 41963K [0x0000000084400000, 0x0000000089800000, 0x00000000d6c00000)
  object space 86016K, 48% used [0x0000000084400000,0x0000000086cfadf8,0x0000000089800000)
 Metaspace       used 10336K, capacity 10520K, committed 10880K, reserved 1058816K
  class space    used 1000K, capacity 1066K, committed 1152K, reserved 1048576K
GC Heap History (10 events):
Event: 1962.175 GC heap before
{Heap before GC invocations=1910 (full 41):
 PSYoungGen      total 651264K, used 642155K [0x00000000d6c00000, 0x00000000ffe00000, 0x0000000100000000)
  eden space 628224K, 100% used [0x00000000d6c00000,0x00000000fd180000,0x00000000fd180000)
  from space 23040K, 60% used [0x00000000fe780000,0x00000000ff51afd8,0x00000000ffe00000)
  to   space 22528K, 0% used [0x00000000fd180000,0x00000000fd180000,0x00000000fe780000)
 ParOldGen       total 86016K, used 40812K [0x0000000084400000, 0x0000000089800000, 0x00000000d6c00000)
  object space 86016K, 47% used [0x0000000084400000,0x0000000086bdb0b8,0x0000000089800000)
 Metaspace       used 10330K, capacity 10520K, committed 10880K, reserved 1058816K
  class space    used 999K, capacity 1066K, committed 1152K, reserved 1048576K
Event: 1962.185 GC heap after
Heap after GC invocations=1910 (full 41):
 PSYoungGen      total 650752K, used 16639K [0x00000000d6c00000, 0x0000000100000000, 0x0000000100000000)
  eden space 628224K, 0% used [0x00000000d6c00000,0x00000000d6c00000,0x00000000fd180000)
  from space 22528K, 73% used [0x00000000fd180000,0x00000000fe1bff30,0x00000000fe780000)
  to   space 23040K, 0% used [0x00000000fe980000,0x00000000fe980000,0x0000000100000000)
 ParOldGen       total 86016K, used 40820K [0x0000000084400000, 0x0000000089800000, 0x00000000d6c00000)
  object space 86016K, 47% used [0x0000000084400000,0x0000000086bdd0b8,0x0000000089800000)
 Metaspace       used 10330K, capacity 10520K, committed 10880K, reserved 1058816K
  class space    used 999K, capacity 1066K, committed 1152K, reserved 1048576K
}
Event: 1963.230 GC heap before
{Heap before GC invocations=1911 (full 41):
 PSYoungGen      total 650752K, used 644863K [0x00000000d6c00000, 0x0000000100000000, 0x0000000100000000)
  eden space 628224K, 100% used [0x00000000d6c00000,0x00000000fd180000,0x00000000fd180000)
  from space 22528K, 73% used [0x00000000fd180000,0x00000000fe1bff30,0x00000000fe780000)
  to   space 23040K, 0% used [0x00000000fe980000,0x00000000fe980000,0x0000000100000000)
 ParOldGen       total 86016K, used 40820K [0x0000000084400000, 0x0000000089800000, 0x00000000d6c00000)
  object space 86016K, 47% used [0x0000000084400000,0x0000000086bdd0b8,0x0000000089800000)
 Metaspace       used 10330K, capacity 10520K, committed 10880K, reserved 1058816K
  class space    used 999K, capacity 1066K, committed 1152K, reserved 1048576K
Event: 1963.241 GC heap after
Heap after GC invocations=1911 (full 41):
 PSYoungGen      total 652800K, used 13815K [0x00000000d6c00000, 0x00000000fff80000, 0x0000000100000000)
  eden space 630272K, 0% used [0x00000000d6c00000,0x00000000d6c00000,0x00000000fd380000)
  from space 22528K, 61% used [0x00000000fe980000,0x00000000ff6fdff0,0x00000000fff80000)
  to   space 22528K, 0% used [0x00000000fd380000,0x00000000fd380000,0x00000000fe980000)
 ParOldGen       total 86016K, used 40828K [0x0000000084400000, 0x0000000089800000, 0x00000000d6c00000)
  object space 86016K, 47% used [0x0000000084400000,0x0000000086bdf0b8,0x0000000089800000)
 Metaspace       used 10330K, capacity 10520K, committed 10880K, reserved 1058816K
  class space    used 999K, capacity 1066K, committed 1152K, reserved 1048576K
}
Event: 1963.994 GC heap before
{Heap before GC invocations=1912 (full 41):
 PSYoungGen      total 652800K, used 644087K [0x00000000d6c00000, 0x00000000fff80000, 0x0000000100000000)
  eden space 630272K, 100% used [0x00000000d6c00000,0x00000000fd380000,0x00000000fd380000)
  from space 22528K, 61% used [0x00000000fe980000,0x00000000ff6fdff0,0x00000000fff80000)
  to   space 22528K, 0% used [0x00000000fd380000,0x00000000fd380000,0x00000000fe980000)
 ParOldGen       total 86016K, used 40828K [0x0000000084400000, 0x0000000089800000, 0x00000000d6c00000)
  object space 86016K, 47% used [0x0000000084400000,0x0000000086bdf0b8,0x0000000089800000)
 Metaspace       used 10330K, capacity 10520K, committed 10880K, reserved 1058816K
  class space    used 999K, capacity 1066K, committed 1152K, reserved 1048576K
Event: 1964.005 GC heap after
Heap after GC invocations=1912 (full 41):
 PSYoungGen      total 652800K, used 11373K [0x00000000d6c00000, 0x00000000fff00000, 0x0000000100000000)
  eden space 630272K, 0% used [0x00000000d6c00000,0x00000000d6c00000,0x00000000fd380000)
  from space 22528K, 50% used [0x00000000fd380000,0x00000000fde9b410,0x00000000fe980000)
  to   space 22016K, 0% used [0x00000000fe980000,0x00000000fe980000,0x00000000fff00000)
 ParOldGen       total 86016K, used 40844K [0x0000000084400000, 0x0000000089800000, 0x00000000d6c00000)
  object space 86016K, 47% used [0x0000000084400000,0x0000000086be30b8,0x0000000089800000)
 Metaspace       used 10330K, capacity 10520K, committed 10880K, reserved 1058816K
  class space    used 999K, capacity 1066K, committed 1152K, reserved 1048576K
}
Event: 1964.749 GC heap before
{Heap before GC invocations=1913 (full 41):
 PSYoungGen      total 652800K, used 641645K [0x00000000d6c00000, 0x00000000fff00000, 0x0000000100000000)
  eden space 630272K, 100% used [0x00000000d6c00000,0x00000000fd380000,0x00000000fd380000)
  from space 22528K, 50% used [0x00000000fd380000,0x00000000fde9b410,0x00000000fe980000)
  to   space 22016K, 0% used [0x00000000fe980000,0x00000000fe980000,0x00000000fff00000)
 ParOldGen       total 86016K, used 40844K [0x0000000084400000, 0x0000000089800000, 0x00000000d6c00000)
  object space 86016K, 47% used [0x0000000084400000,0x0000000086be30b8,0x0000000089800000)
 Metaspace       used 10330K, capacity 10520K, committed 10880K, reserved 1058816K
  class space    used 999K, capacity 1066K, committed 1152K, reserved 1048576K
Event: 1964.762 GC heap after
Heap after GC invocations=1913 (full 41):
 PSYoungGen      total 651776K, used 13089K [0x00000000d6c00000, 0x00000000ffd80000, 0x0000000100000000)
  eden space 631296K, 0% used [0x00000000d6c00000,0x00000000d6c00000,0x00000000fd480000)
  from space 20480K, 63% used [0x00000000fe980000,0x00000000ff648610,0x00000000ffd80000)
  to   space 20992K, 0% used [0x00000000fd480000,0x00000000fd480000,0x00000000fe900000)
 ParOldGen       total 86016K, used 40860K [0x0000000084400000, 0x0000000089800000, 0x00000000d6c00000)
  object space 86016K, 47% used [0x0000000084400000,0x0000000086be70b8,0x0000000089800000)
 Metaspace       used 10330K, capacity 10520K, committed 10880K, reserved 1058816K
  class space    used 999K, capacity 1066K, committed 1152K, reserved 1048576K
}
Event: 1965.732 GC heap before
{Heap before GC invocations=1914 (full 41):
 PSYoungGen      total 651776K, used 644385K [0x00000000d6c00000, 0x00000000ffd80000, 0x0000000100000000)
  eden space 631296K, 100% used [0x00000000d6c00000,0x00000000fd480000,0x00000000fd480000)
  from space 20480K, 63% used [0x00000000fe980000,0x00000000ff648610,0x00000000ffd80000)
  to   space 20992K, 0% used [0x00000000fd480000,0x00000000fd480000,0x00000000fe900000)
 ParOldGen       total 86016K, used 40860K [0x0000000084400000, 0x0000000089800000, 0x00000000d6c00000)
  object space 86016K, 47% used [0x0000000084400000,0x0000000086be70b8,0x0000000089800000)
 Metaspace       used 10330K, capacity 10520K, committed 10880K, reserved 1058816K
  class space    used 999K, capacity 1066K, committed 1152K, reserved 1048576K
Event: 1965.747 GC heap after
Heap after GC invocations=1914 (full 41):
 PSYoungGen      total 652288K, used 20984K [0x00000000d6c00000, 0x0000000100000000, 0x0000000100000000)
  eden space 631296K, 0% used [0x00000000d6c00000,0x00000000d6c00000,0x00000000fd480000)
  from space 20992K, 99% used [0x00000000fd480000,0x00000000fe8fe360,0x00000000fe900000)
  to   space 23552K, 0% used [0x00000000fe900000,0x00000000fe900000,0x0000000100000000)
 ParOldGen       total 86016K, used 41963K [0x0000000084400000, 0x0000000089800000, 0x00000000d6c00000)
  object space 86016K, 48% used [0x0000000084400000,0x0000000086cfadf8,0x0000000089800000)
 Metaspace       used 10330K, capacity 10520K, committed 10880K, reserved 1058816K
  class space    used 999K, capacity 1066K, committed 1152K, reserved 1048576K
}

