# JRE version: Java(TM) SE Runtime Environment (8.0_121-b13) (build 1.8.0_121-b13)
# Java VM: Java HotSpot(TM) 64-Bit Server VM (25.121-b13 mixed mode linux-amd64 compressed oops)
Heap:
 PSYoungGen      total 619520K, used 37708K [0x00000000d6c00000, 0x00000000fef00000, 0x0000000100000000)
  eden space 612352K, 5% used [0x00000000d6c00000,0x00000000d89ed900,0x00000000fc200000)
  from space 7168K, 98% used [0x00000000fcb80000,0x00000000fd2658c0,0x00000000fd280000)
  to   space 23040K, 0% used [0x00000000fd880000,0x00000000fd880000,0x00000000fef00000)
 ParOldGen       total 1351680K, used 1057534K [0x0000000084400000, 0x00000000d6c00000, 0x00000000d6c00000)
  object space 1351680K, 78% used [0x0000000084400000,0x00000000c4cbfb88,0x00000000d6c00000)
 Metaspace       used 10917K, capacity 11148K, committed 11392K, reserved 1058816K
  class space    used 1061K, capacity 1126K, committed 1152K, reserved 1048576K
GC Heap History (10 events):
Event: 21864.430 GC heap before
{Heap before GC invocations=20335 (full 316):
 PSYoungGen      total 654336K, used 645778K [0x00000000d6c00000, 0x0000000100000000, 0x0000000100000000)
  eden space 633856K, 100% used [0x00000000d6c00000,0x00000000fd700000,0x00000000fd700000)
  from space 20480K, 58% used [0x00000000feb80000,0x00000000ff724a58,0x00000000fff80000)
  to   space 20992K, 0% used [0x00000000fd700000,0x00000000fd700000,0x00000000feb80000)
 ParOldGen       total 1351680K, used 1055350K [0x0000000084400000, 0x00000000d6c00000, 0x00000000d6c00000)
  object space 1351680K, 78% used [0x0000000084400000,0x00000000c4a9db88,0x00000000d6c00000)
 Metaspace       used 10904K, capacity 11148K, committed 11392K, reserved 1058816K
  class space    used 1059K, capacity 1126K, committed 1152K, reserved 1048576K
Event: 21864.440 GC heap after
Heap after GC invocations=20335 (full 316):
 PSYoungGen      total 645120K, used 10778K [0x00000000d6c00000, 0x0000000100000000, 0x0000000100000000)
  eden space 633856K, 0% used [0x00000000d6c00000,0x00000000d6c00000,0x00000000fd700000)
  from space 11264K, 95% used [0x00000000fd700000,0x00000000fe186b20,0x00000000fe200000)
  to   space 21504K, 0% used [0x00000000feb00000,0x00000000feb00000,0x0000000100000000)
 ParOldGen       total 1351680K, used 1055358K [0x0000000084400000, 0x00000000d6c00000, 0x00000000d6c00000)
  object space 1351680K, 78% used [0x0000000084400000,0x00000000c4a9fb88,0x00000000d6c00000)
 Metaspace       used 10904K, capacity 11148K, committed 11392K, reserved 1058816K
  class space    used 1059K, capacity 1126K, committed 1152K, reserved 1048576K
}
Event: 21865.493 GC heap before
{Heap before GC invocations=20336 (full 316):
 PSYoungGen      total 645120K, used 644634K [0x00000000d6c00000, 0x0000000100000000, 0x0000000100000000)
  eden space 633856K, 100% used [0x00000000d6c00000,0x00000000fd700000,0x00000000fd700000)
  from space 11264K, 95% used [0x00000000fd700000,0x00000000fe186b20,0x00000000fe200000)
  to   space 21504K, 0% used [0x00000000feb00000,0x00000000feb00000,0x0000000100000000)
 ParOldGen       total 1351680K, used 1055358K [0x0000000084400000, 0x00000000d6c00000, 0x00000000d6c00000)
  object space 1351680K, 78% used [0x0000000084400000,0x00000000c4a9fb88,0x00000000d6c00000)
 Metaspace       used 10904K, capacity 11148K, committed 11392K, reserved 1058816K
  class space    used 1059K, capacity 1126K, committed 1152K, reserved 1048576K
Event: 21865.503 GC heap after
Heap after GC invocations=20336 (full 316):
 PSYoungGen      total 653312K, used 11578K [0x00000000d6c00000, 0x0000000100000000, 0x0000000100000000)
  eden space 631808K, 0% used [0x00000000d6c00000,0x00000000d6c00000,0x00000000fd500000)
  from space 21504K, 53% used [0x00000000feb00000,0x00000000ff64e8f0,0x0000000100000000)
  to   space 22016K, 0% used [0x00000000fd500000,0x00000000fd500000,0x00000000fea80000)
 ParOldGen       total 1351680K, used 1055366K [0x0000000084400000, 0x00000000d6c00000, 0x00000000d6c00000)
  object space 1351680K, 78% used [0x0000000084400000,0x00000000c4aa1b88,0x00000000d6c00000)
 Metaspace       used 10904K, capacity 11148K, committed 11392K, reserved 1058816K
  class space    used 1059K, capacity 1126K, committed 1152K, reserved 1048576K
}
Event: 21866.568 GC heap before
{Heap before GC invocations=20337 (full 316):
 PSYoungGen      total 653312K, used 643386K [0x00000000d6c00000, 0x0000000100000000, 0x0000000100000000)
  eden space 631808K, 100% used [0x00000000d6c00000,0x00000000fd500000,0x00000000fd500000)
  from space 21504K, 53% used [0x00000000feb00000,0x00000000ff64e8f0,0x0000000100000000)
  to   space 22016K, 0% used [0x00000000fd500000,0x00000000fd500000,0x00000000fea80000)
 ParOldGen       total 1351680K, used 1055366K [0x0000000084400000, 0x00000000d6c00000, 0x00000000d6c00000)
  object space 1351680K, 78% used [0x0000000084400000,0x00000000c4aa1b88,0x00000000d6c00000)
 Metaspace       used 10904K, capacity 11148K, committed 11392K, reserved 1058816K
  class space    used 1059K, capacity 1126K, committed 1152K, reserved 1048576K
Event: 21866.577 GC heap after
Heap after GC invocations=20337 (full 316):
 PSYoungGen      total 653824K, used 11608K [0x00000000d6c00000, 0x0000000100000000, 0x0000000100000000)
  eden space 631808K, 0% used [0x00000000d6c00000,0x00000000d6c00000,0x00000000fd500000)
  from space 22016K, 52% used [0x00000000fd500000,0x00000000fe056150,0x00000000fea80000)
  to   space 22016K, 0% used [0x00000000fea80000,0x00000000fea80000,0x0000000100000000)
 ParOldGen       total 1351680K, used 1055374K [0x0000000084400000, 0x00000000d6c00000, 0x00000000d6c00000)
  object space 1351680K, 78% used [0x0000000084400000,0x00000000c4aa3b88,0x00000000d6c00000)
 Metaspace       used 10904K, capacity 11148K, committed 11392K, reserved 1058816K
  class space    used 1059K, capacity 1126K, committed 1152K, reserved 1048576K
}
Event: 21867.776 GC heap before
{Heap before GC invocations=20338 (full 316):
 PSYoungGen      total 653824K, used 643416K [0x00000000d6c00000, 0x0000000100000000, 0x0000000100000000)
  eden space 631808K, 100% used [0x00000000d6c00000,0x00000000fd500000,0x00000000fd500000)
  from space 22016K, 52% used [0x00000000fd500000,0x00000000fe056150,0x00000000fea80000)
  to   space 22016K, 0% used [0x00000000fea80000,0x00000000fea80000,0x0000000100000000)
 ParOldGen       total 1351680K, used 1055374K [0x0000000084400000, 0x00000000d6c00000, 0x00000000d6c00000)
  object space 1351680K, 78% used [0x0000000084400000,0x00000000c4aa3b88,0x00000000d6c00000)
 Metaspace       used 10904K, capacity 11148K, committed 11392K, reserved 1058816K
  class space    used 1059K, capacity 1126K, committed 1152K, reserved 1048576K
Event: 21867.785 GC heap after
Heap after GC invocations=20338 (full 316):
 PSYoungGen      total 636416K, used 5352K [0x00000000d6c00000, 0x00000000ff880000, 0x0000000100000000)
  eden space 622080K, 0% used [0x00000000d6c00000,0x00000000d6c00000,0x00000000fcb80000)
  from space 14336K, 37% used [0x00000000fea80000,0x00000000fefba3d0,0x00000000ff880000)
  to   space 23040K, 0% used [0x00000000fcb80000,0x00000000fcb80000,0x00000000fe200000)
 ParOldGen       total 1351680K, used 1057518K [0x0000000084400000, 0x00000000d6c00000, 0x00000000d6c00000)
  object space 1351680K, 78% used [0x0000000084400000,0x00000000c4cbbb88,0x00000000d6c00000)
 Metaspace       used 10904K, capacity 11148K, committed 11392K, reserved 1058816K
  class space    used 1059K, capacity 1126K, committed 1152K, reserved 1048576K
}
Event: 21869.067 GC heap before
{Heap before GC invocations=20339 (full 316):
 PSYoungGen      total 636416K, used 627432K [0x00000000d6c00000, 0x00000000ff880000, 0x0000000100000000)
  eden space 622080K, 100% used [0x00000000d6c00000,0x00000000fcb80000,0x00000000fcb80000)
  from space 14336K, 37% used [0x00000000fea80000,0x00000000fefba3d0,0x00000000ff880000)
  to   space 23040K, 0% used [0x00000000fcb80000,0x00000000fcb80000,0x00000000fe200000)
 ParOldGen       total 1351680K, used 1057518K [0x0000000084400000, 0x00000000d6c00000, 0x00000000d6c00000)
  object space 1351680K, 78% used [0x0000000084400000,0x00000000c4cbbb88,0x00000000d6c00000)
 Metaspace       used 10904K, capacity 11148K, committed 11392K, reserved 1058816K
  class space    used 1059K, capacity 1126K, committed 1152K, reserved 1048576K
Event: 21869.076 GC heap after
Heap after GC invocations=20339 (full 316):
 PSYoungGen      total 619520K, used 7062K [0x00000000d6c00000, 0x00000000fef00000, 0x0000000100000000)
  eden space 612352K, 0% used [0x00000000d6c00000,0x00000000d6c00000,0x00000000fc200000)
  from space 7168K, 98% used [0x00000000fcb80000,0x00000000fd2658c0,0x00000000fd280000)
  to   space 23040K, 0% used [0x00000000fd880000,0x00000000fd880000,0x00000000fef00000)
 ParOldGen       total 1351680K, used 1057534K [0x0000000084400000, 0x00000000d6c00000, 0x00000000d6c00000)
  object space 1351680K, 78% used [0x0000000084400000,0x00000000c4cbfb88,0x00000000d6c00000)
 Metaspace       used 10904K, capacity 11148K, committed 11392K, reserved 1058816K
  class space    used 1059K, capacity 1126K, committed 1152K, reserved 1048576K
}

